This file contains any messages produced by compilers while
running configure, to aid debugging if configure makes a mistake.

It was created by vantages configure 0.8.6, which was
generated by GNU Autoconf 2.67.  Invocation command line was

  $ ./configure --host=arm

## --------- ##
## Platform. ##
## --------- ##

hostname = nesl-desktop
uname -m = i686
uname -r = 2.6.31-14-generic
uname -s = Linux
uname -v = #48-Ubuntu SMP Fri Oct 16 14:04:26 UTC 2009

/usr/bin/uname -p = unknown
/bin/uname -X     = unknown

/bin/arch              = unknown
/usr/bin/arch -k       = unknown
/usr/convex/getsysinfo = unknown
/usr/bin/hostinfo      = unknown
/bin/machine           = unknown
/usr/bin/oslevel       = unknown
/bin/universe          = unknown

PATH: /usr/lib/jvm/java-6-sun/bin
PATH: /home/nesl/overo-oe/bitbake/bin
PATH: /home/nesl/bin
PATH: /usr/local/sbin
PATH: /usr/local/bin
PATH: /usr/sbin
PATH: /usr/bin
PATH: /sbin
PATH: /bin
PATH: /usr/games
PATH: /home/nesl/overo-oe/tmp/sysroots/i686-linux/usr/armv7a/bin/


## ----------- ##
## Core tests. ##
## ----------- ##

configure:2356: checking for arm-gcc
configure:2383: result: /home/nesl/overo-oe/tmp/sysroots/i686-linux/usr/armv7a/bin/arm-angstrom-linux-gnueabi-gcc
configure:2652: checking for C compiler version
configure:2661: /home/nesl/overo-oe/tmp/sysroots/i686-linux/usr/armv7a/bin/arm-angstrom-linux-gnueabi-gcc --version >&5
arm-angstrom-linux-gnueabi-gcc (GCC) 4.3.3
Copyright (C) 2008 Free Software Foundation, Inc.
This is free software; see the source for copying conditions.  There is NO
warranty; not even for MERCHANTABILITY or FITNESS FOR A PARTICULAR PURPOSE.

configure:2672: $? = 0
configure:2661: /home/nesl/overo-oe/tmp/sysroots/i686-linux/usr/armv7a/bin/arm-angstrom-linux-gnueabi-gcc -v >&5
Using built-in specs.
Target: arm-angstrom-linux-gnueabi
Configured with: /home/nesl/overo-oe/tmp/work/armv7a-angstrom-linux-gnueabi/gcc-cross-4.3.3-r17.1/gcc-4.3.3/configure --build=i686-linux --host=i686-linux --target=arm-angstrom-linux-gnueabi --prefix=/home/nesl/overo-oe/tmp/sysroots/i686-linux/usr/armv7a --exec_prefix=/home/nesl/overo-oe/tmp/sysroots/i686-linux/usr/armv7a --bindir=/home/nesl/overo-oe/tmp/sysroots/i686-linux/usr/armv7a/bin --sbindir=/home/nesl/overo-oe/tmp/sysroots/i686-linux/usr/armv7a/bin --libexecdir=/home/nesl/overo-oe/tmp/sysroots/i686-linux/usr/armv7a/libexec --datadir=/home/nesl/overo-oe/tmp/sysroots/i686-linux/usr/armv7a/share --sysconfdir=/home/nesl/overo-oe/tmp/sysroots/i686-linux/etc --sharedstatedir=/home/nesl/overo-oe/tmp/sysroots/i686-linux/com --localstatedir=/home/nesl/overo-oe/tmp/sysroots/i686-linux/var --libdir=/home/nesl/overo-oe/tmp/sysroots/i686-linux/usr/armv7a/lib --includedir=/home/nesl/overo-oe/tmp/sysroots/i686-linux/usr/armv7a/include --oldincludedir=/home/nesl/overo-oe/tmp/sysroots/i686-linux/usr/armv7a/include --infodir=/home/nesl/overo-oe/tmp/sysroots/i686-linux/usr/armv7a/share/info --mandir=/home/nesl/overo-oe/tmp/sysroots/i686-linux/usr/armv7a/share/man --with-gnu-ld --enable-shared --enable-languages=c,c++,objc,fortran --enable-threads=posix --disable-multilib --enable-c99 --enable-long-long --enable-symvers=gnu --enable-libstdcxx-pch --program-prefix=arm-angstrom-linux-gnueabi- --enable-target-optspace --enable-cheaders=c_std --enable-libssp --disable-bootstrap --disable-libgomp --disable-libmudflap --with-sysroot=/home/nesl/overo-oe/tmp/sysroots/armv7a-angstrom-linux-gnueabi --with-build-sysroot=/home/nesl/overo-oe/tmp/sysroots/armv7a-angstrom-linux-gnueabi --with-build-time-tools=/home/nesl/overo-oe/tmp/sysroots/i686-linux/usr/armv7a/bin --enable-cheaders=c_std --disable-libunwind-exceptions --with-mpfr=/home/nesl/overo-oe/tmp/sysroots/i686-linux/usr --program-prefix=arm-angstrom-linux-gnueabi- --enable-__cxa_atexit
Thread model: posix
gcc version 4.3.3 (GCC) 
configure:2672: $? = 0
configure:2661: /home/nesl/overo-oe/tmp/sysroots/i686-linux/usr/armv7a/bin/arm-angstrom-linux-gnueabi-gcc -V >&5
arm-angstrom-linux-gnueabi-gcc: '-V' option must have argument
configure:2672: $? = 1
configure:2661: /home/nesl/overo-oe/tmp/sysroots/i686-linux/usr/armv7a/bin/arm-angstrom-linux-gnueabi-gcc -qversion >&5
arm-angstrom-linux-gnueabi-gcc: unrecognized option '-qversion'
arm-angstrom-linux-gnueabi-gcc: no input files
configure:2672: $? = 1
configure:2692: checking whether the C compiler works
configure:2714: /home/nesl/overo-oe/tmp/sysroots/i686-linux/usr/armv7a/bin/arm-angstrom-linux-gnueabi-gcc    conftest.c  >&5
configure:2718: $? = 0
configure:2766: result: yes
configure:2769: checking for C compiler default output file name
configure:2771: result: a.out
configure:2777: checking for suffix of executables
configure:2784: /home/nesl/overo-oe/tmp/sysroots/i686-linux/usr/armv7a/bin/arm-angstrom-linux-gnueabi-gcc -o conftest    conftest.c  >&5
configure:2788: $? = 0
configure:2810: result: 
configure:2832: checking whether we are cross compiling
configure:2840: /home/nesl/overo-oe/tmp/sysroots/i686-linux/usr/armv7a/bin/arm-angstrom-linux-gnueabi-gcc -o conftest    conftest.c  >&5
configure:2844: $? = 0
configure:2851: ./conftest
./configure: line 2853: ./conftest: cannot execute binary file
configure:2855: $? = 126
configure:2870: result: yes
configure:2875: checking for suffix of object files
configure:2897: /home/nesl/overo-oe/tmp/sysroots/i686-linux/usr/armv7a/bin/arm-angstrom-linux-gnueabi-gcc -c   conftest.c >&5
configure:2901: $? = 0
configure:2922: result: o
configure:2926: checking whether we are using the GNU C compiler
configure:2945: /home/nesl/overo-oe/tmp/sysroots/i686-linux/usr/armv7a/bin/arm-angstrom-linux-gnueabi-gcc -c   conftest.c >&5
configure:2945: $? = 0
configure:2954: result: yes
configure:2963: checking whether /home/nesl/overo-oe/tmp/sysroots/i686-linux/usr/armv7a/bin/arm-angstrom-linux-gnueabi-gcc accepts -g
configure:2983: /home/nesl/overo-oe/tmp/sysroots/i686-linux/usr/armv7a/bin/arm-angstrom-linux-gnueabi-gcc -c -g  conftest.c >&5
configure:2983: $? = 0
configure:3024: result: yes
configure:3041: checking for /home/nesl/overo-oe/tmp/sysroots/i686-linux/usr/armv7a/bin/arm-angstrom-linux-gnueabi-gcc option to accept ISO C89
configure:3105: /home/nesl/overo-oe/tmp/sysroots/i686-linux/usr/armv7a/bin/arm-angstrom-linux-gnueabi-gcc  -c -g -O2  conftest.c >&5
configure:3105: $? = 0
configure:3118: result: none needed
configure:3146: checking for special C compiler options needed for large files
configure:3191: result: no
configure:3197: checking for _FILE_OFFSET_BITS value needed for large files
configure:3222: /home/nesl/overo-oe/tmp/sysroots/i686-linux/usr/armv7a/bin/arm-angstrom-linux-gnueabi-gcc -c -g -O2  conftest.c >&5
conftest.c:15: warning: left shift count >= width of type
conftest.c:15: warning: left shift count >= width of type
conftest.c:17: error: size of array 'off_t_is_large' is negative
configure:3222: $? = 1
configure: failed program was:
| /* confdefs.h */
| #define PACKAGE_NAME "vantages"
| #define PACKAGE_TARNAME "vantages"
| #define PACKAGE_VERSION "0.8.6"
| #define PACKAGE_STRING "vantages 0.8.6"
| #define PACKAGE_BUGREPORT "eoster@cs.ucla.edu"
| #define PACKAGE_URL ""
| /* end confdefs.h.  */
| #include <sys/types.h>
|  /* Check that off_t can represent 2**63 - 1 correctly.
|     We can't simply define LARGE_OFF_T to be 9223372036854775807,
|     since some C++ compilers masquerading as C compilers
|     incorrectly reject 9223372036854775807.  */
| #define LARGE_OFF_T (((off_t) 1 << 62) - 1 + ((off_t) 1 << 62))
|   int off_t_is_large[(LARGE_OFF_T % 2147483629 == 721
| 		       && LARGE_OFF_T % 2147483647 == 1)
| 		      ? 1 : -1];
| int
| main ()
| {
| 
|   ;
|   return 0;
| }
configure:3246: /home/nesl/overo-oe/tmp/sysroots/i686-linux/usr/armv7a/bin/arm-angstrom-linux-gnueabi-gcc -c -g -O2  conftest.c >&5
configure:3246: $? = 0
configure:3254: result: 64
configure:3337: checking for _LARGEFILE_SOURCE value needed for large files
configure:3356: /home/nesl/overo-oe/tmp/sysroots/i686-linux/usr/armv7a/bin/arm-angstrom-linux-gnueabi-gcc -o conftest -g -O2   conftest.c  >&5
configure:3356: $? = 0
configure:3384: result: no
configure:3570: checking for C++ compiler version
configure:3579: /home/nesl/overo-oe/tmp/sysroots/i686-linux/usr/armv7a/bin/arm-angstrom-linux-gnueabi-g++ --version >&5
arm-angstrom-linux-gnueabi-g++ (GCC) 4.3.3
Copyright (C) 2008 Free Software Foundation, Inc.
This is free software; see the source for copying conditions.  There is NO
warranty; not even for MERCHANTABILITY or FITNESS FOR A PARTICULAR PURPOSE.

configure:3590: $? = 0
configure:3579: /home/nesl/overo-oe/tmp/sysroots/i686-linux/usr/armv7a/bin/arm-angstrom-linux-gnueabi-g++ -v >&5
Using built-in specs.
Target: arm-angstrom-linux-gnueabi
Configured with: /home/nesl/overo-oe/tmp/work/armv7a-angstrom-linux-gnueabi/gcc-cross-4.3.3-r17.1/gcc-4.3.3/configure --build=i686-linux --host=i686-linux --target=arm-angstrom-linux-gnueabi --prefix=/home/nesl/overo-oe/tmp/sysroots/i686-linux/usr/armv7a --exec_prefix=/home/nesl/overo-oe/tmp/sysroots/i686-linux/usr/armv7a --bindir=/home/nesl/overo-oe/tmp/sysroots/i686-linux/usr/armv7a/bin --sbindir=/home/nesl/overo-oe/tmp/sysroots/i686-linux/usr/armv7a/bin --libexecdir=/home/nesl/overo-oe/tmp/sysroots/i686-linux/usr/armv7a/libexec --datadir=/home/nesl/overo-oe/tmp/sysroots/i686-linux/usr/armv7a/share --sysconfdir=/home/nesl/overo-oe/tmp/sysroots/i686-linux/etc --sharedstatedir=/home/nesl/overo-oe/tmp/sysroots/i686-linux/com --localstatedir=/home/nesl/overo-oe/tmp/sysroots/i686-linux/var --libdir=/home/nesl/overo-oe/tmp/sysroots/i686-linux/usr/armv7a/lib --includedir=/home/nesl/overo-oe/tmp/sysroots/i686-linux/usr/armv7a/include --oldincludedir=/home/nesl/overo-oe/tmp/sysroots/i686-linux/usr/armv7a/include --infodir=/home/nesl/overo-oe/tmp/sysroots/i686-linux/usr/armv7a/share/info --mandir=/home/nesl/overo-oe/tmp/sysroots/i686-linux/usr/armv7a/share/man --with-gnu-ld --enable-shared --enable-languages=c,c++,objc,fortran --enable-threads=posix --disable-multilib --enable-c99 --enable-long-long --enable-symvers=gnu --enable-libstdcxx-pch --program-prefix=arm-angstrom-linux-gnueabi- --enable-target-optspace --enable-cheaders=c_std --enable-libssp --disable-bootstrap --disable-libgomp --disable-libmudflap --with-sysroot=/home/nesl/overo-oe/tmp/sysroots/armv7a-angstrom-linux-gnueabi --with-build-sysroot=/home/nesl/overo-oe/tmp/sysroots/armv7a-angstrom-linux-gnueabi --with-build-time-tools=/home/nesl/overo-oe/tmp/sysroots/i686-linux/usr/armv7a/bin --enable-cheaders=c_std --disable-libunwind-exceptions --with-mpfr=/home/nesl/overo-oe/tmp/sysroots/i686-linux/usr --program-prefix=arm-angstrom-linux-gnueabi- --enable-__cxa_atexit
Thread model: posix
gcc version 4.3.3 (GCC) 
configure:3590: $? = 0
configure:3579: /home/nesl/overo-oe/tmp/sysroots/i686-linux/usr/armv7a/bin/arm-angstrom-linux-gnueabi-g++ -V >&5
arm-angstrom-linux-gnueabi-g++: '-V' option must have argument
configure:3590: $? = 1
configure:3579: /home/nesl/overo-oe/tmp/sysroots/i686-linux/usr/armv7a/bin/arm-angstrom-linux-gnueabi-g++ -qversion >&5
arm-angstrom-linux-gnueabi-g++: unrecognized option '-qversion'
arm-angstrom-linux-gnueabi-g++: no input files
configure:3590: $? = 1
configure:3594: checking whether we are using the GNU C++ compiler
configure:3613: /home/nesl/overo-oe/tmp/sysroots/i686-linux/usr/armv7a/bin/arm-angstrom-linux-gnueabi-g++ -c   conftest.cpp >&5
configure:3613: $? = 0
configure:3622: result: yes
configure:3631: checking whether /home/nesl/overo-oe/tmp/sysroots/i686-linux/usr/armv7a/bin/arm-angstrom-linux-gnueabi-g++ accepts -g
configure:3651: /home/nesl/overo-oe/tmp/sysroots/i686-linux/usr/armv7a/bin/arm-angstrom-linux-gnueabi-g++ -c -g  conftest.cpp >&5
configure:3651: $? = 0
configure:3692: result: yes
configure:3723: checking for arm-gcc
configure:3750: result: /home/nesl/overo-oe/tmp/sysroots/i686-linux/usr/armv7a/bin/arm-angstrom-linux-gnueabi-gcc
configure:4019: checking for C compiler version
configure:4028: /home/nesl/overo-oe/tmp/sysroots/i686-linux/usr/armv7a/bin/arm-angstrom-linux-gnueabi-gcc --version >&5
arm-angstrom-linux-gnueabi-gcc (GCC) 4.3.3
Copyright (C) 2008 Free Software Foundation, Inc.
This is free software; see the source for copying conditions.  There is NO
warranty; not even for MERCHANTABILITY or FITNESS FOR A PARTICULAR PURPOSE.

configure:4039: $? = 0
configure:4028: /home/nesl/overo-oe/tmp/sysroots/i686-linux/usr/armv7a/bin/arm-angstrom-linux-gnueabi-gcc -v >&5
Using built-in specs.
Target: arm-angstrom-linux-gnueabi
Configured with: /home/nesl/overo-oe/tmp/work/armv7a-angstrom-linux-gnueabi/gcc-cross-4.3.3-r17.1/gcc-4.3.3/configure --build=i686-linux --host=i686-linux --target=arm-angstrom-linux-gnueabi --prefix=/home/nesl/overo-oe/tmp/sysroots/i686-linux/usr/armv7a --exec_prefix=/home/nesl/overo-oe/tmp/sysroots/i686-linux/usr/armv7a --bindir=/home/nesl/overo-oe/tmp/sysroots/i686-linux/usr/armv7a/bin --sbindir=/home/nesl/overo-oe/tmp/sysroots/i686-linux/usr/armv7a/bin --libexecdir=/home/nesl/overo-oe/tmp/sysroots/i686-linux/usr/armv7a/libexec --datadir=/home/nesl/overo-oe/tmp/sysroots/i686-linux/usr/armv7a/share --sysconfdir=/home/nesl/overo-oe/tmp/sysroots/i686-linux/etc --sharedstatedir=/home/nesl/overo-oe/tmp/sysroots/i686-linux/com --localstatedir=/home/nesl/overo-oe/tmp/sysroots/i686-linux/var --libdir=/home/nesl/overo-oe/tmp/sysroots/i686-linux/usr/armv7a/lib --includedir=/home/nesl/overo-oe/tmp/sysroots/i686-linux/usr/armv7a/include --oldincludedir=/home/nesl/overo-oe/tmp/sysroots/i686-linux/usr/armv7a/include --infodir=/home/nesl/overo-oe/tmp/sysroots/i686-linux/usr/armv7a/share/info --mandir=/home/nesl/overo-oe/tmp/sysroots/i686-linux/usr/armv7a/share/man --with-gnu-ld --enable-shared --enable-languages=c,c++,objc,fortran --enable-threads=posix --disable-multilib --enable-c99 --enable-long-long --enable-symvers=gnu --enable-libstdcxx-pch --program-prefix=arm-angstrom-linux-gnueabi- --enable-target-optspace --enable-cheaders=c_std --enable-libssp --disable-bootstrap --disable-libgomp --disable-libmudflap --with-sysroot=/home/nesl/overo-oe/tmp/sysroots/armv7a-angstrom-linux-gnueabi --with-build-sysroot=/home/nesl/overo-oe/tmp/sysroots/armv7a-angstrom-linux-gnueabi --with-build-time-tools=/home/nesl/overo-oe/tmp/sysroots/i686-linux/usr/armv7a/bin --enable-cheaders=c_std --disable-libunwind-exceptions --with-mpfr=/home/nesl/overo-oe/tmp/sysroots/i686-linux/usr --program-prefix=arm-angstrom-linux-gnueabi- --enable-__cxa_atexit
Thread model: posix
gcc version 4.3.3 (GCC) 
configure:4039: $? = 0
configure:4028: /home/nesl/overo-oe/tmp/sysroots/i686-linux/usr/armv7a/bin/arm-angstrom-linux-gnueabi-gcc -V >&5
arm-angstrom-linux-gnueabi-gcc: '-V' option must have argument
configure:4039: $? = 1
configure:4028: /home/nesl/overo-oe/tmp/sysroots/i686-linux/usr/armv7a/bin/arm-angstrom-linux-gnueabi-gcc -qversion >&5
arm-angstrom-linux-gnueabi-gcc: unrecognized option '-qversion'
arm-angstrom-linux-gnueabi-gcc: no input files
configure:4039: $? = 1
configure:4043: checking whether we are using the GNU C compiler
configure:4071: result: yes
configure:4080: checking whether /home/nesl/overo-oe/tmp/sysroots/i686-linux/usr/armv7a/bin/arm-angstrom-linux-gnueabi-gcc accepts -g
configure:4141: result: yes
configure:4158: checking for /home/nesl/overo-oe/tmp/sysroots/i686-linux/usr/armv7a/bin/arm-angstrom-linux-gnueabi-gcc option to accept ISO C89
configure:4235: result: none needed
configure:4298: checking for a BSD-compatible install
configure:4366: result: /usr/bin/install -c
configure:4381: checking for gawk
configure:4397: found /usr/bin/gawk
configure:4408: result: gawk
configure:4419: checking whether ln -s works
configure:4423: result: yes
configure:4430: checking whether make sets $(MAKE)
configure:4452: result: yes
configure:4464: checking for arm-ranlib
configure:4494: result: no
configure:4504: checking for ranlib
configure:4520: found /usr/bin/ranlib
configure:4531: result: ranlib
configure:4543: WARNING: using cross tools not prefixed with host triplet
configure:4563: checking for pthread_create in -lpthread
configure:4588: /home/nesl/overo-oe/tmp/sysroots/i686-linux/usr/armv7a/bin/arm-angstrom-linux-gnueabi-gcc -o conftest -g -O2   conftest.c -lpthread   >&5
configure:4588: $? = 0
configure:4597: result: yes
configure:4608: checking for sqlite3_open in -lsqlite3
configure:4633: /home/nesl/overo-oe/tmp/sysroots/i686-linux/usr/armv7a/bin/arm-angstrom-linux-gnueabi-gcc -o conftest -g -O2   conftest.c -lsqlite3  -lpthread  >&5
/home/nesl/overo-oe/tmp/sysroots/i686-linux/usr/armv7a/lib/gcc/arm-angstrom-linux-gnueabi/4.3.3/../../../../arm-angstrom-linux-gnueabi/bin/ld: warning: libc.so, needed by /home/nesl/overo-oe/tmp/sysroots/i686-linux/usr/armv7a/lib/gcc/arm-angstrom-linux-gnueabi/4.3.3/../../../../arm-angstrom-linux-gnueabi/lib/libgcc_s.so, not found (try using -rpath or -rpath-link)
configure:4633: $? = 0
configure:4642: result: yes
configure:4723: checking for dlopen in -ldl
configure:4748: /home/nesl/overo-oe/tmp/sysroots/i686-linux/usr/armv7a/bin/arm-angstrom-linux-gnueabi-gcc -o conftest -g -O2   conftest.c -ldl   >&5
configure:4748: $? = 0
configure:4757: result: yes
configure:4777: checking for dlopen
configure:4777: /home/nesl/overo-oe/tmp/sysroots/i686-linux/usr/armv7a/bin/arm-angstrom-linux-gnueabi-gcc -o conftest -g -O2   conftest.c -lsqlite3 -lpthread  -ldl  >&5
/home/nesl/overo-oe/tmp/sysroots/i686-linux/usr/armv7a/lib/gcc/arm-angstrom-linux-gnueabi/4.3.3/../../../../arm-angstrom-linux-gnueabi/bin/ld: warning: libc.so, needed by /home/nesl/overo-oe/tmp/sysroots/i686-linux/usr/armv7a/lib/gcc/arm-angstrom-linux-gnueabi/4.3.3/../../../../arm-angstrom-linux-gnueabi/lib/libgcc_s.so, not found (try using -rpath or -rpath-link)
configure:4777: $? = 0
configure:4777: result: yes
configure:4777: checking for dlerror
configure:4777: /home/nesl/overo-oe/tmp/sysroots/i686-linux/usr/armv7a/bin/arm-angstrom-linux-gnueabi-gcc -o conftest -g -O2   conftest.c -lsqlite3 -lpthread  -ldl  >&5
/home/nesl/overo-oe/tmp/sysroots/i686-linux/usr/armv7a/lib/gcc/arm-angstrom-linux-gnueabi/4.3.3/../../../../arm-angstrom-linux-gnueabi/bin/ld: warning: libc.so, needed by /home/nesl/overo-oe/tmp/sysroots/i686-linux/usr/armv7a/lib/gcc/arm-angstrom-linux-gnueabi/4.3.3/../../../../arm-angstrom-linux-gnueabi/lib/libgcc_s.so, not found (try using -rpath or -rpath-link)
configure:4777: $? = 0
configure:4777: result: yes
configure:4791: checking for gpgme_check_version in -lgpgme-pthread
configure:4816: /home/nesl/overo-oe/tmp/sysroots/i686-linux/usr/armv7a/bin/arm-angstrom-linux-gnueabi-gcc -o conftest -g -O2   conftest.c -lgpgme-pthread  -lsqlite3 -lpthread  -ldl  >&5
/home/nesl/overo-oe/tmp/sysroots/i686-linux/usr/armv7a/lib/gcc/arm-angstrom-linux-gnueabi/4.3.3/../../../../arm-angstrom-linux-gnueabi/bin/ld: warning: libc.so, needed by /home/nesl/overo-oe/tmp/sysroots/i686-linux/usr/armv7a/lib/gcc/arm-angstrom-linux-gnueabi/4.3.3/../../../../arm-angstrom-linux-gnueabi/lib/libgcc_s.so, not found (try using -rpath or -rpath-link)
configure:4816: $? = 0
configure:4825: result: yes
configure:4898: checking for gpg_err_init in -lgpg-error
configure:4923: /home/nesl/overo-oe/tmp/sysroots/i686-linux/usr/armv7a/bin/arm-angstrom-linux-gnueabi-gcc -o conftest -g -O2   conftest.c -lgpg-error  -lgpgme-pthread -lsqlite3 -lpthread  -ldl  >&5
/home/nesl/overo-oe/tmp/sysroots/i686-linux/usr/armv7a/lib/gcc/arm-angstrom-linux-gnueabi/4.3.3/../../../../arm-angstrom-linux-gnueabi/bin/ld: warning: libc.so, needed by /home/nesl/overo-oe/tmp/sysroots/i686-linux/usr/armv7a/lib/gcc/arm-angstrom-linux-gnueabi/4.3.3/../../../../arm-angstrom-linux-gnueabi/lib/libgcc_s.so, not found (try using -rpath or -rpath-link)
configure:4923: $? = 0
configure:4932: result: yes
configure:5001: checking for XML_ParserCreate in -lexpat
configure:5026: /home/nesl/overo-oe/tmp/sysroots/i686-linux/usr/armv7a/bin/arm-angstrom-linux-gnueabi-gcc -o conftest -g -O2   conftest.c -lexpat  -lgpg-error -lgpgme-pthread -lsqlite3 -lpthread  -ldl  >&5
/home/nesl/overo-oe/tmp/sysroots/i686-linux/usr/armv7a/lib/gcc/arm-angstrom-linux-gnueabi/4.3.3/../../../../arm-angstrom-linux-gnueabi/bin/ld: warning: libc.so, needed by /home/nesl/overo-oe/tmp/sysroots/i686-linux/usr/armv7a/lib/gcc/arm-angstrom-linux-gnueabi/4.3.3/../../../../arm-angstrom-linux-gnueabi/lib/libgcc_s.so, not found (try using -rpath or -rpath-link)
configure:5026: $? = 0
configure:5035: result: yes
configure:5104: checking for pcap_open_live in -lpcap
configure:5129: /home/nesl/overo-oe/tmp/sysroots/i686-linux/usr/armv7a/bin/arm-angstrom-linux-gnueabi-gcc -o conftest -g -O2   conftest.c -lpcap  -lexpat -lgpg-error -lgpgme-pthread -lsqlite3 -lpthread  -ldl  >&5
/home/nesl/overo-oe/tmp/sysroots/i686-linux/usr/armv7a/lib/gcc/arm-angstrom-linux-gnueabi/4.3.3/../../../../arm-angstrom-linux-gnueabi/bin/ld: warning: libc.so, needed by /home/nesl/overo-oe/tmp/sysroots/i686-linux/usr/armv7a/lib/gcc/arm-angstrom-linux-gnueabi/4.3.3/../../../../arm-angstrom-linux-gnueabi/lib/libgcc_s.so, not found (try using -rpath or -rpath-link)
configure:5129: $? = 0
configure:5138: result: yes
configure:5208: checking for curl_global_init in -lcurl
configure:5233: /home/nesl/overo-oe/tmp/sysroots/i686-linux/usr/armv7a/bin/arm-angstrom-linux-gnueabi-gcc -o conftest -g -O2   conftest.c -lcurl  -lpcap -lexpat -lgpg-error -lgpgme-pthread -lsqlite3 -lpthread  -ldl  >&5
/home/nesl/overo-oe/tmp/sysroots/i686-linux/usr/armv7a/lib/gcc/arm-angstrom-linux-gnueabi/4.3.3/../../../../arm-angstrom-linux-gnueabi/bin/ld: warning: libc.so, needed by /home/nesl/overo-oe/tmp/sysroots/i686-linux/usr/armv7a/lib/gcc/arm-angstrom-linux-gnueabi/4.3.3/../../../../arm-angstrom-linux-gnueabi/lib/libgcc_s.so, not found (try using -rpath or -rpath-link)
configure:5233: $? = 0
configure:5242: result: yes
configure:5258: checking for EVP_PKEY_new in -lssl
configure:5283: /home/nesl/overo-oe/tmp/sysroots/i686-linux/usr/armv7a/bin/arm-angstrom-linux-gnueabi-gcc -o conftest -g -O2   conftest.c -lssl  -lpcap -lexpat -lgpg-error -lgpgme-pthread -lsqlite3 -lpthread  -ldl  -lcurl >&5
/home/nesl/overo-oe/tmp/sysroots/i686-linux/usr/armv7a/lib/gcc/arm-angstrom-linux-gnueabi/4.3.3/../../../../arm-angstrom-linux-gnueabi/bin/ld: warning: libc.so, needed by /home/nesl/overo-oe/tmp/sysroots/i686-linux/usr/armv7a/lib/gcc/arm-angstrom-linux-gnueabi/4.3.3/../../../../arm-angstrom-linux-gnueabi/lib/libgcc_s.so, not found (try using -rpath or -rpath-link)
configure:5283: $? = 0
configure:5292: result: yes
configure:5300: checking for EVP_PKEY_new in -lcrypto
configure:5325: /home/nesl/overo-oe/tmp/sysroots/i686-linux/usr/armv7a/bin/arm-angstrom-linux-gnueabi-gcc -o conftest -g -O2   conftest.c -lcrypto  -lpcap -lexpat -lgpg-error -lgpgme-pthread -lsqlite3 -lpthread  -ldl  -lcurl >&5
/home/nesl/overo-oe/tmp/sysroots/i686-linux/usr/armv7a/lib/gcc/arm-angstrom-linux-gnueabi/4.3.3/../../../../arm-angstrom-linux-gnueabi/bin/ld: warning: libc.so, needed by /home/nesl/overo-oe/tmp/sysroots/i686-linux/usr/armv7a/lib/gcc/arm-angstrom-linux-gnueabi/4.3.3/../../../../arm-angstrom-linux-gnueabi/lib/libgcc_s.so, not found (try using -rpath or -rpath-link)
configure:5325: $? = 0
configure:5334: result: yes
configure:5492: checking build system type
configure:5506: result: i686-pc-linux-gnu
configure:5526: checking host system type
configure:5539: result: arm-unknown-none
configure:5580: checking how to print strings
configure:5607: result: printf
configure:5628: checking for a sed that does not truncate output
configure:5692: result: /bin/sed
configure:5710: checking for grep that handles long lines and -e
configure:5768: result: /bin/grep
configure:5773: checking for egrep
configure:5835: result: /bin/grep -E
configure:5840: checking for fgrep
configure:5902: result: /bin/grep -F
configure:5937: checking for ld used by /home/nesl/overo-oe/tmp/sysroots/i686-linux/usr/armv7a/bin/arm-angstrom-linux-gnueabi-gcc
configure:6004: result: /home/nesl/overo-oe/tmp/sysroots/i686-linux/usr/armv7a/bin/arm-angstrom-linux-gnueabi-ld
configure:6011: checking if the linker (/home/nesl/overo-oe/tmp/sysroots/i686-linux/usr/armv7a/bin/arm-angstrom-linux-gnueabi-ld) is GNU ld
configure:6026: result: yes
configure:6038: checking for BSD- or MS-compatible name lister (nm)
configure:6087: result: no
configure:6101: checking for arm-dumpbin
configure:6131: result: no
configure:6101: checking for arm-link
configure:6131: result: no
configure:6145: checking for dumpbin
configure:6175: result: no
configure:6145: checking for link
configure:6161: found /usr/bin/link
configure:6172: result: link -dump
configure:6217: checking the name lister (nm) interface
configure:6224: /home/nesl/overo-oe/tmp/sysroots/i686-linux/usr/armv7a/bin/arm-angstrom-linux-gnueabi-gcc -c -g -O2  conftest.c >&5
configure:6227: nm "conftest.o"
configure:6230: output
00000000 b $d
00000000 N $d
00000000 B some_variable
configure:6237: result: BSD nm
configure:6241: checking the maximum length of command line arguments
configure:6366: result: 1572864
configure:6383: checking whether the shell understands some XSI constructs
configure:6393: result: yes
configure:6397: checking whether the shell understands "+="
configure:6403: result: yes
configure:6438: checking for /home/nesl/overo-oe/tmp/sysroots/i686-linux/usr/armv7a/bin/arm-angstrom-linux-gnueabi-ld option to reload object files
configure:6445: result: -r
configure:6474: checking for arm-objdump
configure:6504: result: no
configure:6514: checking for objdump
configure:6530: found /usr/bin/objdump
configure:6541: result: objdump
configure:6573: checking how to recognize dependent libraries
configure:6775: result: unknown
configure:6795: checking for arm-ar
configure:6822: result: /home/nesl/overo-oe/tmp/sysroots/i686-linux/usr/armv7a/bin/arm-angstrom-linux-gnueabi-ar
configure:6900: checking for arm-strip
configure:6930: result: no
configure:6940: checking for strip
configure:6956: found /usr/bin/strip
configure:6967: result: strip
configure:6999: checking for arm-ranlib
configure:7026: result: ranlib
configure:7168: checking command to parse nm output from /home/nesl/overo-oe/tmp/sysroots/i686-linux/usr/armv7a/bin/arm-angstrom-linux-gnueabi-gcc object
configure:7286: /home/nesl/overo-oe/tmp/sysroots/i686-linux/usr/armv7a/bin/arm-angstrom-linux-gnueabi-gcc -c -g -O2  conftest.c >&5
configure:7289: $? = 0
configure:7293: nm conftest.o \| sed -n -e 's/^.*[ ]\([ABCDGIRSTW][ABCDGIRSTW]*\)[ ][ ]*\([_A-Za-z][_A-Za-z0-9]*\)$/\1 \2 \2/p' \> conftest.nm
configure:7296: $? = 0
configure:7350: /home/nesl/overo-oe/tmp/sysroots/i686-linux/usr/armv7a/bin/arm-angstrom-linux-gnueabi-gcc -o conftest -g -O2   conftest.c conftstm.o >&5
configure:7353: $? = 0
configure:7391: result: ok
configure:8231: checking how to run the C preprocessor
configure:8301: result: /home/nesl/overo-oe/tmp/sysroots/i686-linux/usr/armv7a/bin/arm-angstrom-linux-gnueabi-cpp
configure:8321: /home/nesl/overo-oe/tmp/sysroots/i686-linux/usr/armv7a/bin/arm-angstrom-linux-gnueabi-cpp  conftest.c
configure:8321: $? = 0
configure:8335: /home/nesl/overo-oe/tmp/sysroots/i686-linux/usr/armv7a/bin/arm-angstrom-linux-gnueabi-cpp  conftest.c
conftest.c:15:28: error: ac_nonexistent.h: No such file or directory
configure:8335: $? = 1
configure: failed program was:
| /* confdefs.h */
| #define PACKAGE_NAME "vantages"
| #define PACKAGE_TARNAME "vantages"
| #define PACKAGE_VERSION "0.8.6"
| #define PACKAGE_STRING "vantages 0.8.6"
| #define PACKAGE_BUGREPORT "eoster@cs.ucla.edu"
| #define PACKAGE_URL ""
| #define _FILE_OFFSET_BITS 64
| #define HAVE_FSEEKO 1
| #define HAVE_LIBPTHREAD 1
| #define HAVE_LIBDL 1
| #define HAVE_DLOPEN 1
| #define HAVE_DLERROR 1
| /* end confdefs.h.  */
| #include <ac_nonexistent.h>
configure:8364: checking for ANSI C header files
configure:8384: /home/nesl/overo-oe/tmp/sysroots/i686-linux/usr/armv7a/bin/arm-angstrom-linux-gnueabi-gcc -c -g -O2  conftest.c >&5
configure:8384: $? = 0
configure:8468: result: yes
configure:8481: checking for sys/types.h
configure:8481: /home/nesl/overo-oe/tmp/sysroots/i686-linux/usr/armv7a/bin/arm-angstrom-linux-gnueabi-gcc -c -g -O2  conftest.c >&5
configure:8481: $? = 0
configure:8481: result: yes
configure:8481: checking for sys/stat.h
configure:8481: /home/nesl/overo-oe/tmp/sysroots/i686-linux/usr/armv7a/bin/arm-angstrom-linux-gnueabi-gcc -c -g -O2  conftest.c >&5
configure:8481: $? = 0
configure:8481: result: yes
configure:8481: checking for stdlib.h
configure:8481: /home/nesl/overo-oe/tmp/sysroots/i686-linux/usr/armv7a/bin/arm-angstrom-linux-gnueabi-gcc -c -g -O2  conftest.c >&5
configure:8481: $? = 0
configure:8481: result: yes
configure:8481: checking for string.h
configure:8481: /home/nesl/overo-oe/tmp/sysroots/i686-linux/usr/armv7a/bin/arm-angstrom-linux-gnueabi-gcc -c -g -O2  conftest.c >&5
configure:8481: $? = 0
configure:8481: result: yes
configure:8481: checking for memory.h
configure:8481: /home/nesl/overo-oe/tmp/sysroots/i686-linux/usr/armv7a/bin/arm-angstrom-linux-gnueabi-gcc -c -g -O2  conftest.c >&5
configure:8481: $? = 0
configure:8481: result: yes
configure:8481: checking for strings.h
configure:8481: /home/nesl/overo-oe/tmp/sysroots/i686-linux/usr/armv7a/bin/arm-angstrom-linux-gnueabi-gcc -c -g -O2  conftest.c >&5
configure:8481: $? = 0
configure:8481: result: yes
configure:8481: checking for inttypes.h
configure:8481: /home/nesl/overo-oe/tmp/sysroots/i686-linux/usr/armv7a/bin/arm-angstrom-linux-gnueabi-gcc -c -g -O2  conftest.c >&5
configure:8481: $? = 0
configure:8481: result: yes
configure:8481: checking for stdint.h
configure:8481: /home/nesl/overo-oe/tmp/sysroots/i686-linux/usr/armv7a/bin/arm-angstrom-linux-gnueabi-gcc -c -g -O2  conftest.c >&5
configure:8481: $? = 0
configure:8481: result: yes
configure:8481: checking for unistd.h
configure:8481: /home/nesl/overo-oe/tmp/sysroots/i686-linux/usr/armv7a/bin/arm-angstrom-linux-gnueabi-gcc -c -g -O2  conftest.c >&5
configure:8481: $? = 0
configure:8481: result: yes
configure:8495: checking for dlfcn.h
configure:8495: /home/nesl/overo-oe/tmp/sysroots/i686-linux/usr/armv7a/bin/arm-angstrom-linux-gnueabi-gcc -c -g -O2  conftest.c >&5
configure:8495: $? = 0
configure:8495: result: yes
configure:8683: checking for objdir
configure:8698: result: .libs
configure:8965: checking if /home/nesl/overo-oe/tmp/sysroots/i686-linux/usr/armv7a/bin/arm-angstrom-linux-gnueabi-gcc supports -fno-rtti -fno-exceptions
configure:8983: /home/nesl/overo-oe/tmp/sysroots/i686-linux/usr/armv7a/bin/arm-angstrom-linux-gnueabi-gcc -c -g -O2  -fno-rtti -fno-exceptions conftest.c >&5
cc1: warning: command line option "-fno-rtti" is valid for C++/ObjC++ but not for C
configure:8987: $? = 0
configure:9000: result: no
configure:9020: checking for /home/nesl/overo-oe/tmp/sysroots/i686-linux/usr/armv7a/bin/arm-angstrom-linux-gnueabi-gcc option to produce PIC
configure:9305: result: -fPIC -DPIC
configure:9317: checking if /home/nesl/overo-oe/tmp/sysroots/i686-linux/usr/armv7a/bin/arm-angstrom-linux-gnueabi-gcc PIC flag -fPIC -DPIC works
configure:9335: /home/nesl/overo-oe/tmp/sysroots/i686-linux/usr/armv7a/bin/arm-angstrom-linux-gnueabi-gcc -c -g -O2  -fPIC -DPIC -DPIC conftest.c >&5
configure:9339: $? = 0
configure:9352: result: yes
configure:9376: checking if /home/nesl/overo-oe/tmp/sysroots/i686-linux/usr/armv7a/bin/arm-angstrom-linux-gnueabi-gcc static flag -static works
configure:9404: result: no
configure:9419: checking if /home/nesl/overo-oe/tmp/sysroots/i686-linux/usr/armv7a/bin/arm-angstrom-linux-gnueabi-gcc supports -c -o file.o
configure:9440: /home/nesl/overo-oe/tmp/sysroots/i686-linux/usr/armv7a/bin/arm-angstrom-linux-gnueabi-gcc -c -g -O2  -o out/conftest2.o conftest.c >&5
configure:9444: $? = 0
configure:9466: result: yes
configure:9474: checking if /home/nesl/overo-oe/tmp/sysroots/i686-linux/usr/armv7a/bin/arm-angstrom-linux-gnueabi-gcc supports -c -o file.o
configure:9521: result: yes
configure:9554: checking whether the /home/nesl/overo-oe/tmp/sysroots/i686-linux/usr/armv7a/bin/arm-angstrom-linux-gnueabi-gcc linker (/home/nesl/overo-oe/tmp/sysroots/i686-linux/usr/armv7a/bin/arm-angstrom-linux-gnueabi-ld) supports shared libraries
configure:10629: result: yes
configure:10666: checking whether -lc should be explicitly linked in
configure:10674: /home/nesl/overo-oe/tmp/sysroots/i686-linux/usr/armv7a/bin/arm-angstrom-linux-gnueabi-gcc -c -g -O2  conftest.c >&5
configure:10677: $? = 0
configure:10692: /home/nesl/overo-oe/tmp/sysroots/i686-linux/usr/armv7a/bin/arm-angstrom-linux-gnueabi-gcc -shared conftest.o  -v -Wl,-soname -Wl,conftest -o conftest 2\>\&1 \| /bin/grep  -lc  \>/dev/null 2\>\&1
configure:10695: $? = 0
configure:10709: result: no
configure:10874: checking dynamic linker characteristics
configure:11551: result: no
configure:11658: checking how to hardcode library paths into programs
configure:11683: result: immediate
configure:12223: checking whether stripping libraries is possible
configure:12228: result: yes
configure:12263: checking if libtool supports shared libraries
configure:12265: result: no
configure:12268: checking whether to build shared libraries
configure:12289: result: no
configure:12292: checking whether to build static libraries
configure:12296: result: yes
configure:12319: checking how to run the C++ preprocessor
configure:12346: /home/nesl/overo-oe/tmp/sysroots/i686-linux/usr/armv7a/bin/arm-angstrom-linux-gnueabi-g++ -E  conftest.cpp
configure:12346: $? = 0
configure:12360: /home/nesl/overo-oe/tmp/sysroots/i686-linux/usr/armv7a/bin/arm-angstrom-linux-gnueabi-g++ -E  conftest.cpp
conftest.cpp:27:28: error: ac_nonexistent.h: No such file or directory
configure:12360: $? = 1
configure: failed program was:
| /* confdefs.h */
| #define PACKAGE_NAME "vantages"
| #define PACKAGE_TARNAME "vantages"
| #define PACKAGE_VERSION "0.8.6"
| #define PACKAGE_STRING "vantages 0.8.6"
| #define PACKAGE_BUGREPORT "eoster@cs.ucla.edu"
| #define PACKAGE_URL ""
| #define _FILE_OFFSET_BITS 64
| #define HAVE_FSEEKO 1
| #define HAVE_LIBPTHREAD 1
| #define HAVE_LIBDL 1
| #define HAVE_DLOPEN 1
| #define HAVE_DLERROR 1
| #define STDC_HEADERS 1
| #define HAVE_SYS_TYPES_H 1
| #define HAVE_SYS_STAT_H 1
| #define HAVE_STDLIB_H 1
| #define HAVE_STRING_H 1
| #define HAVE_MEMORY_H 1
| #define HAVE_STRINGS_H 1
| #define HAVE_INTTYPES_H 1
| #define HAVE_STDINT_H 1
| #define HAVE_UNISTD_H 1
| #define HAVE_DLFCN_H 1
| #define LT_OBJDIR ".libs/"
| /* end confdefs.h.  */
| #include <ac_nonexistent.h>
configure:12385: result: /home/nesl/overo-oe/tmp/sysroots/i686-linux/usr/armv7a/bin/arm-angstrom-linux-gnueabi-g++ -E
configure:12405: /home/nesl/overo-oe/tmp/sysroots/i686-linux/usr/armv7a/bin/arm-angstrom-linux-gnueabi-g++ -E  conftest.cpp
configure:12405: $? = 0
configure:12419: /home/nesl/overo-oe/tmp/sysroots/i686-linux/usr/armv7a/bin/arm-angstrom-linux-gnueabi-g++ -E  conftest.cpp
conftest.cpp:27:28: error: ac_nonexistent.h: No such file or directory
configure:12419: $? = 1
configure: failed program was:
| /* confdefs.h */
| #define PACKAGE_NAME "vantages"
| #define PACKAGE_TARNAME "vantages"
| #define PACKAGE_VERSION "0.8.6"
| #define PACKAGE_STRING "vantages 0.8.6"
| #define PACKAGE_BUGREPORT "eoster@cs.ucla.edu"
| #define PACKAGE_URL ""
| #define _FILE_OFFSET_BITS 64
| #define HAVE_FSEEKO 1
| #define HAVE_LIBPTHREAD 1
| #define HAVE_LIBDL 1
| #define HAVE_DLOPEN 1
| #define HAVE_DLERROR 1
| #define STDC_HEADERS 1
| #define HAVE_SYS_TYPES_H 1
| #define HAVE_SYS_STAT_H 1
| #define HAVE_STDLIB_H 1
| #define HAVE_STRING_H 1
| #define HAVE_MEMORY_H 1
| #define HAVE_STRINGS_H 1
| #define HAVE_INTTYPES_H 1
| #define HAVE_STDINT_H 1
| #define HAVE_UNISTD_H 1
| #define HAVE_DLFCN_H 1
| #define LT_OBJDIR ".libs/"
| /* end confdefs.h.  */
| #include <ac_nonexistent.h>
configure:12587: checking for ld used by /home/nesl/overo-oe/tmp/sysroots/i686-linux/usr/armv7a/bin/arm-angstrom-linux-gnueabi-g++
configure:12654: result: /home/nesl/overo-oe/tmp/sysroots/i686-linux/usr/armv7a/bin/arm-angstrom-linux-gnueabi-ld
configure:12661: checking if the linker (/home/nesl/overo-oe/tmp/sysroots/i686-linux/usr/armv7a/bin/arm-angstrom-linux-gnueabi-ld) is GNU ld
configure:12676: result: yes
configure:12731: checking whether the /home/nesl/overo-oe/tmp/sysroots/i686-linux/usr/armv7a/bin/arm-angstrom-linux-gnueabi-g++ linker (/home/nesl/overo-oe/tmp/sysroots/i686-linux/usr/armv7a/bin/arm-angstrom-linux-gnueabi-ld) supports shared libraries
configure:13663: result: no
configure:13691: /home/nesl/overo-oe/tmp/sysroots/i686-linux/usr/armv7a/bin/arm-angstrom-linux-gnueabi-g++ -c -g -O2  conftest.cpp >&5
configure:13694: $? = 0
configure:13876: checking for /home/nesl/overo-oe/tmp/sysroots/i686-linux/usr/armv7a/bin/arm-angstrom-linux-gnueabi-g++ option to produce PIC
configure:14198: result: -fPIC -DPIC
configure:14207: checking if /home/nesl/overo-oe/tmp/sysroots/i686-linux/usr/armv7a/bin/arm-angstrom-linux-gnueabi-g++ PIC flag -fPIC -DPIC works
configure:14225: /home/nesl/overo-oe/tmp/sysroots/i686-linux/usr/armv7a/bin/arm-angstrom-linux-gnueabi-g++ -c -g -O2  -fPIC -DPIC -DPIC conftest.cpp >&5
configure:14229: $? = 0
configure:14242: result: yes
configure:14263: checking if /home/nesl/overo-oe/tmp/sysroots/i686-linux/usr/armv7a/bin/arm-angstrom-linux-gnueabi-g++ static flag -static works
configure:14291: result: no
configure:14303: checking if /home/nesl/overo-oe/tmp/sysroots/i686-linux/usr/armv7a/bin/arm-angstrom-linux-gnueabi-g++ supports -c -o file.o
configure:14324: /home/nesl/overo-oe/tmp/sysroots/i686-linux/usr/armv7a/bin/arm-angstrom-linux-gnueabi-g++ -c -g -O2  -o out/conftest2.o conftest.cpp >&5
configure:14328: $? = 0
configure:14350: result: yes
configure:14355: checking if /home/nesl/overo-oe/tmp/sysroots/i686-linux/usr/armv7a/bin/arm-angstrom-linux-gnueabi-g++ supports -c -o file.o
configure:14402: result: yes
configure:14432: checking whether the /home/nesl/overo-oe/tmp/sysroots/i686-linux/usr/armv7a/bin/arm-angstrom-linux-gnueabi-g++ linker (/home/nesl/overo-oe/tmp/sysroots/i686-linux/usr/armv7a/bin/arm-angstrom-linux-gnueabi-ld) supports shared libraries
configure:14460: result: no
configure:14603: checking dynamic linker characteristics
configure:15214: result: no
configure:15267: checking how to hardcode library paths into programs
configure:15292: result: immediate
configure:15352: checking for glibtool
configure:15382: result: no
configure:15389: checking for libtool
configure:15405: found /usr/bin/libtool
configure:15416: result: ./libtool
configure:15433: checking for arm-ar
configure:15463: result: /home/nesl/overo-oe/tmp/sysroots/i686-linux/usr/armv7a/bin/arm-angstrom-linux-gnueabi-ar
configure:15539: checking fcntl.h usability
configure:15539: /home/nesl/overo-oe/tmp/sysroots/i686-linux/usr/armv7a/bin/arm-angstrom-linux-gnueabi-gcc -c -g -O2  conftest.c >&5
configure:15539: $? = 0
configure:15539: result: yes
configure:15539: checking fcntl.h presence
configure:15539: /home/nesl/overo-oe/tmp/sysroots/i686-linux/usr/armv7a/bin/arm-angstrom-linux-gnueabi-cpp  conftest.c
configure:15539: $? = 0
configure:15539: result: yes
configure:15539: checking for fcntl.h
configure:15539: result: yes
configure:15539: checking sys/ioctl.h usability
configure:15539: /home/nesl/overo-oe/tmp/sysroots/i686-linux/usr/armv7a/bin/arm-angstrom-linux-gnueabi-gcc -c -g -O2  conftest.c >&5
configure:15539: $? = 0
configure:15539: result: yes
configure:15539: checking sys/ioctl.h presence
configure:15539: /home/nesl/overo-oe/tmp/sysroots/i686-linux/usr/armv7a/bin/arm-angstrom-linux-gnueabi-cpp  conftest.c
configure:15539: $? = 0
configure:15539: result: yes
configure:15539: checking for sys/ioctl.h
configure:15539: result: yes
configure:15539: checking sys/time.h usability
configure:15539: /home/nesl/overo-oe/tmp/sysroots/i686-linux/usr/armv7a/bin/arm-angstrom-linux-gnueabi-gcc -c -g -O2  conftest.c >&5
configure:15539: $? = 0
configure:15539: result: yes
configure:15539: checking sys/time.h presence
configure:15539: /home/nesl/overo-oe/tmp/sysroots/i686-linux/usr/armv7a/bin/arm-angstrom-linux-gnueabi-cpp  conftest.c
configure:15539: $? = 0
configure:15539: result: yes
configure:15539: checking for sys/time.h
configure:15539: result: yes
configure:15539: checking for unistd.h
configure:15539: result: yes
configure:15539: checking arpa/inet/h usability
configure:15539: /home/nesl/overo-oe/tmp/sysroots/i686-linux/usr/armv7a/bin/arm-angstrom-linux-gnueabi-gcc -c -g -O2  conftest.c >&5
conftest.c:64:23: error: arpa/inet/h: No such file or directory
configure:15539: $? = 1
configure: failed program was:
| /* confdefs.h */
| #define PACKAGE_NAME "vantages"
| #define PACKAGE_TARNAME "vantages"
| #define PACKAGE_VERSION "0.8.6"
| #define PACKAGE_STRING "vantages 0.8.6"
| #define PACKAGE_BUGREPORT "eoster@cs.ucla.edu"
| #define PACKAGE_URL ""
| #define _FILE_OFFSET_BITS 64
| #define HAVE_FSEEKO 1
| #define HAVE_LIBPTHREAD 1
| #define HAVE_LIBDL 1
| #define HAVE_DLOPEN 1
| #define HAVE_DLERROR 1
| #define STDC_HEADERS 1
| #define HAVE_SYS_TYPES_H 1
| #define HAVE_SYS_STAT_H 1
| #define HAVE_STDLIB_H 1
| #define HAVE_STRING_H 1
| #define HAVE_MEMORY_H 1
| #define HAVE_STRINGS_H 1
| #define HAVE_INTTYPES_H 1
| #define HAVE_STDINT_H 1
| #define HAVE_UNISTD_H 1
| #define HAVE_DLFCN_H 1
| #define LT_OBJDIR ".libs/"
| #define HAVE_FCNTL_H 1
| #define HAVE_SYS_IOCTL_H 1
| #define HAVE_SYS_TIME_H 1
| #define HAVE_UNISTD_H 1
| /* end confdefs.h.  */
| #include <stdio.h>
| #ifdef HAVE_SYS_TYPES_H
| # include <sys/types.h>
| #endif
| #ifdef HAVE_SYS_STAT_H
| # include <sys/stat.h>
| #endif
| #ifdef STDC_HEADERS
| # include <stdlib.h>
| # include <stddef.h>
| #else
| # ifdef HAVE_STDLIB_H
| #  include <stdlib.h>
| # endif
| #endif
| #ifdef HAVE_STRING_H
| # if !defined STDC_HEADERS && defined HAVE_MEMORY_H
| #  include <memory.h>
| # endif
| # include <string.h>
| #endif
| #ifdef HAVE_STRINGS_H
| # include <strings.h>
| #endif
| #ifdef HAVE_INTTYPES_H
| # include <inttypes.h>
| #endif
| #ifdef HAVE_STDINT_H
| # include <stdint.h>
| #endif
| #ifdef HAVE_UNISTD_H
| # include <unistd.h>
| #endif
| #include <arpa/inet/h>
configure:15539: result: no
configure:15539: checking arpa/inet/h presence
configure:15539: /home/nesl/overo-oe/tmp/sysroots/i686-linux/usr/armv7a/bin/arm-angstrom-linux-gnueabi-cpp  conftest.c
conftest.c:31:23: error: arpa/inet/h: No such file or directory
configure:15539: $? = 1
configure: failed program was:
| /* confdefs.h */
| #define PACKAGE_NAME "vantages"
| #define PACKAGE_TARNAME "vantages"
| #define PACKAGE_VERSION "0.8.6"
| #define PACKAGE_STRING "vantages 0.8.6"
| #define PACKAGE_BUGREPORT "eoster@cs.ucla.edu"
| #define PACKAGE_URL ""
| #define _FILE_OFFSET_BITS 64
| #define HAVE_FSEEKO 1
| #define HAVE_LIBPTHREAD 1
| #define HAVE_LIBDL 1
| #define HAVE_DLOPEN 1
| #define HAVE_DLERROR 1
| #define STDC_HEADERS 1
| #define HAVE_SYS_TYPES_H 1
| #define HAVE_SYS_STAT_H 1
| #define HAVE_STDLIB_H 1
| #define HAVE_STRING_H 1
| #define HAVE_MEMORY_H 1
| #define HAVE_STRINGS_H 1
| #define HAVE_INTTYPES_H 1
| #define HAVE_STDINT_H 1
| #define HAVE_UNISTD_H 1
| #define HAVE_DLFCN_H 1
| #define LT_OBJDIR ".libs/"
| #define HAVE_FCNTL_H 1
| #define HAVE_SYS_IOCTL_H 1
| #define HAVE_SYS_TIME_H 1
| #define HAVE_UNISTD_H 1
| /* end confdefs.h.  */
| #include <arpa/inet/h>
configure:15539: result: no
configure:15539: checking for arpa/inet/h
configure:15539: result: no
configure:15539: checking netinet/in.h usability
configure:15539: /home/nesl/overo-oe/tmp/sysroots/i686-linux/usr/armv7a/bin/arm-angstrom-linux-gnueabi-gcc -c -g -O2  conftest.c >&5
configure:15539: $? = 0
configure:15539: result: yes
configure:15539: checking netinet/in.h presence
configure:15539: /home/nesl/overo-oe/tmp/sysroots/i686-linux/usr/armv7a/bin/arm-angstrom-linux-gnueabi-cpp  conftest.c
configure:15539: $? = 0
configure:15539: result: yes
configure:15539: checking for netinet/in.h
configure:15539: result: yes
configure:15539: checking for stdint.h
configure:15539: result: yes
configure:15539: checking for string.h
configure:15539: result: yes
configure:15539: checking sys/socket.h usability
configure:15539: /home/nesl/overo-oe/tmp/sysroots/i686-linux/usr/armv7a/bin/arm-angstrom-linux-gnueabi-gcc -c -g -O2  conftest.c >&5
configure:15539: $? = 0
configure:15539: result: yes
configure:15539: checking sys/socket.h presence
configure:15539: /home/nesl/overo-oe/tmp/sysroots/i686-linux/usr/armv7a/bin/arm-angstrom-linux-gnueabi-cpp  conftest.c
configure:15539: $? = 0
configure:15539: result: yes
configure:15539: checking for sys/socket.h
configure:15539: result: yes
configure:15539: checking readpassphrase.h usability
configure:15539: /home/nesl/overo-oe/tmp/sysroots/i686-linux/usr/armv7a/bin/arm-angstrom-linux-gnueabi-gcc -c -g -O2  conftest.c >&5
conftest.c:68:28: error: readpassphrase.h: No such file or directory
configure:15539: $? = 1
configure: failed program was:
| /* confdefs.h */
| #define PACKAGE_NAME "vantages"
| #define PACKAGE_TARNAME "vantages"
| #define PACKAGE_VERSION "0.8.6"
| #define PACKAGE_STRING "vantages 0.8.6"
| #define PACKAGE_BUGREPORT "eoster@cs.ucla.edu"
| #define PACKAGE_URL ""
| #define _FILE_OFFSET_BITS 64
| #define HAVE_FSEEKO 1
| #define HAVE_LIBPTHREAD 1
| #define HAVE_LIBDL 1
| #define HAVE_DLOPEN 1
| #define HAVE_DLERROR 1
| #define STDC_HEADERS 1
| #define HAVE_SYS_TYPES_H 1
| #define HAVE_SYS_STAT_H 1
| #define HAVE_STDLIB_H 1
| #define HAVE_STRING_H 1
| #define HAVE_MEMORY_H 1
| #define HAVE_STRINGS_H 1
| #define HAVE_INTTYPES_H 1
| #define HAVE_STDINT_H 1
| #define HAVE_UNISTD_H 1
| #define HAVE_DLFCN_H 1
| #define LT_OBJDIR ".libs/"
| #define HAVE_FCNTL_H 1
| #define HAVE_SYS_IOCTL_H 1
| #define HAVE_SYS_TIME_H 1
| #define HAVE_UNISTD_H 1
| #define HAVE_NETINET_IN_H 1
| #define HAVE_STDINT_H 1
| #define HAVE_STRING_H 1
| #define HAVE_SYS_SOCKET_H 1
| /* end confdefs.h.  */
| #include <stdio.h>
| #ifdef HAVE_SYS_TYPES_H
| # include <sys/types.h>
| #endif
| #ifdef HAVE_SYS_STAT_H
| # include <sys/stat.h>
| #endif
| #ifdef STDC_HEADERS
| # include <stdlib.h>
| # include <stddef.h>
| #else
| # ifdef HAVE_STDLIB_H
| #  include <stdlib.h>
| # endif
| #endif
| #ifdef HAVE_STRING_H
| # if !defined STDC_HEADERS && defined HAVE_MEMORY_H
| #  include <memory.h>
| # endif
| # include <string.h>
| #endif
| #ifdef HAVE_STRINGS_H
| # include <strings.h>
| #endif
| #ifdef HAVE_INTTYPES_H
| # include <inttypes.h>
| #endif
| #ifdef HAVE_STDINT_H
| # include <stdint.h>
| #endif
| #ifdef HAVE_UNISTD_H
| # include <unistd.h>
| #endif
| #include <readpassphrase.h>
configure:15539: result: no
configure:15539: checking readpassphrase.h presence
configure:15539: /home/nesl/overo-oe/tmp/sysroots/i686-linux/usr/armv7a/bin/arm-angstrom-linux-gnueabi-cpp  conftest.c
conftest.c:35:28: error: readpassphrase.h: No such file or directory
configure:15539: $? = 1
configure: failed program was:
| /* confdefs.h */
| #define PACKAGE_NAME "vantages"
| #define PACKAGE_TARNAME "vantages"
| #define PACKAGE_VERSION "0.8.6"
| #define PACKAGE_STRING "vantages 0.8.6"
| #define PACKAGE_BUGREPORT "eoster@cs.ucla.edu"
| #define PACKAGE_URL ""
| #define _FILE_OFFSET_BITS 64
| #define HAVE_FSEEKO 1
| #define HAVE_LIBPTHREAD 1
| #define HAVE_LIBDL 1
| #define HAVE_DLOPEN 1
| #define HAVE_DLERROR 1
| #define STDC_HEADERS 1
| #define HAVE_SYS_TYPES_H 1
| #define HAVE_SYS_STAT_H 1
| #define HAVE_STDLIB_H 1
| #define HAVE_STRING_H 1
| #define HAVE_MEMORY_H 1
| #define HAVE_STRINGS_H 1
| #define HAVE_INTTYPES_H 1
| #define HAVE_STDINT_H 1
| #define HAVE_UNISTD_H 1
| #define HAVE_DLFCN_H 1
| #define LT_OBJDIR ".libs/"
| #define HAVE_FCNTL_H 1
| #define HAVE_SYS_IOCTL_H 1
| #define HAVE_SYS_TIME_H 1
| #define HAVE_UNISTD_H 1
| #define HAVE_NETINET_IN_H 1
| #define HAVE_STDINT_H 1
| #define HAVE_STRING_H 1
| #define HAVE_SYS_SOCKET_H 1
| /* end confdefs.h.  */
| #include <readpassphrase.h>
configure:15539: result: no
configure:15539: checking for readpassphrase.h
configure:15539: result: no
configure:15539: checking pwd.h usability
configure:15539: /home/nesl/overo-oe/tmp/sysroots/i686-linux/usr/armv7a/bin/arm-angstrom-linux-gnueabi-gcc -c -g -O2  conftest.c >&5
configure:15539: $? = 0
configure:15539: result: yes
configure:15539: checking pwd.h presence
configure:15539: /home/nesl/overo-oe/tmp/sysroots/i686-linux/usr/armv7a/bin/arm-angstrom-linux-gnueabi-cpp  conftest.c
configure:15539: $? = 0
configure:15539: result: yes
configure:15539: checking for pwd.h
configure:15539: result: yes
configure:15551: checking for ANSI C header files
configure:15655: result: yes
configure:15663: checking for stdbool.h that conforms to C99
configure:15748: /home/nesl/overo-oe/tmp/sysroots/i686-linux/usr/armv7a/bin/arm-angstrom-linux-gnueabi-gcc -c -g -O2  conftest.c >&5
configure:15748: $? = 0
configure:15755: result: yes
configure:15757: checking for _Bool
configure:15757: /home/nesl/overo-oe/tmp/sysroots/i686-linux/usr/armv7a/bin/arm-angstrom-linux-gnueabi-gcc -c -g -O2  conftest.c >&5
configure:15757: $? = 0
configure:15757: /home/nesl/overo-oe/tmp/sysroots/i686-linux/usr/armv7a/bin/arm-angstrom-linux-gnueabi-gcc -c -g -O2  conftest.c >&5
conftest.c: In function 'main':
conftest.c:73: error: expected expression before ')' token
configure:15757: $? = 1
configure: failed program was:
| /* confdefs.h */
| #define PACKAGE_NAME "vantages"
| #define PACKAGE_TARNAME "vantages"
| #define PACKAGE_VERSION "0.8.6"
| #define PACKAGE_STRING "vantages 0.8.6"
| #define PACKAGE_BUGREPORT "eoster@cs.ucla.edu"
| #define PACKAGE_URL ""
| #define _FILE_OFFSET_BITS 64
| #define HAVE_FSEEKO 1
| #define HAVE_LIBPTHREAD 1
| #define HAVE_LIBDL 1
| #define HAVE_DLOPEN 1
| #define HAVE_DLERROR 1
| #define STDC_HEADERS 1
| #define HAVE_SYS_TYPES_H 1
| #define HAVE_SYS_STAT_H 1
| #define HAVE_STDLIB_H 1
| #define HAVE_STRING_H 1
| #define HAVE_MEMORY_H 1
| #define HAVE_STRINGS_H 1
| #define HAVE_INTTYPES_H 1
| #define HAVE_STDINT_H 1
| #define HAVE_UNISTD_H 1
| #define HAVE_DLFCN_H 1
| #define LT_OBJDIR ".libs/"
| #define HAVE_FCNTL_H 1
| #define HAVE_SYS_IOCTL_H 1
| #define HAVE_SYS_TIME_H 1
| #define HAVE_UNISTD_H 1
| #define HAVE_NETINET_IN_H 1
| #define HAVE_STDINT_H 1
| #define HAVE_STRING_H 1
| #define HAVE_SYS_SOCKET_H 1
| #define HAVE_PWD_H 1
| #define STDC_HEADERS 1
| /* end confdefs.h.  */
| #include <stdio.h>
| #ifdef HAVE_SYS_TYPES_H
| # include <sys/types.h>
| #endif
| #ifdef HAVE_SYS_STAT_H
| # include <sys/stat.h>
| #endif
| #ifdef STDC_HEADERS
| # include <stdlib.h>
| # include <stddef.h>
| #else
| # ifdef HAVE_STDLIB_H
| #  include <stdlib.h>
| # endif
| #endif
| #ifdef HAVE_STRING_H
| # if !defined STDC_HEADERS && defined HAVE_MEMORY_H
| #  include <memory.h>
| # endif
| # include <string.h>
| #endif
| #ifdef HAVE_STRINGS_H
| # include <strings.h>
| #endif
| #ifdef HAVE_INTTYPES_H
| # include <inttypes.h>
| #endif
| #ifdef HAVE_STDINT_H
| # include <stdint.h>
| #endif
| #ifdef HAVE_UNISTD_H
| # include <unistd.h>
| #endif
| int
| main ()
| {
| if (sizeof ((_Bool)))
| 	    return 0;
|   ;
|   return 0;
| }
configure:15757: result: yes
configure:15773: checking whether time.h and sys/time.h may both be included
configure:15793: /home/nesl/overo-oe/tmp/sysroots/i686-linux/usr/armv7a/bin/arm-angstrom-linux-gnueabi-gcc -c -g -O2  conftest.c >&5
configure:15793: $? = 0
configure:15800: result: yes
configure:15808: checking for an ANSI C-conforming const
configure:15873: /home/nesl/overo-oe/tmp/sysroots/i686-linux/usr/armv7a/bin/arm-angstrom-linux-gnueabi-gcc -c -g -O2  conftest.c >&5
configure:15873: $? = 0
configure:15880: result: yes
configure:15888: checking for inline
configure:15904: /home/nesl/overo-oe/tmp/sysroots/i686-linux/usr/armv7a/bin/arm-angstrom-linux-gnueabi-gcc -c -g -O2  conftest.c >&5
configure:15904: $? = 0
configure:15912: result: inline
configure:15930: checking for size_t
configure:15930: /home/nesl/overo-oe/tmp/sysroots/i686-linux/usr/armv7a/bin/arm-angstrom-linux-gnueabi-gcc -c -g -O2  conftest.c >&5
configure:15930: $? = 0
configure:15930: /home/nesl/overo-oe/tmp/sysroots/i686-linux/usr/armv7a/bin/arm-angstrom-linux-gnueabi-gcc -c -g -O2  conftest.c >&5
conftest.c: In function 'main':
conftest.c:76: error: expected expression before ')' token
configure:15930: $? = 1
configure: failed program was:
| /* confdefs.h */
| #define PACKAGE_NAME "vantages"
| #define PACKAGE_TARNAME "vantages"
| #define PACKAGE_VERSION "0.8.6"
| #define PACKAGE_STRING "vantages 0.8.6"
| #define PACKAGE_BUGREPORT "eoster@cs.ucla.edu"
| #define PACKAGE_URL ""
| #define _FILE_OFFSET_BITS 64
| #define HAVE_FSEEKO 1
| #define HAVE_LIBPTHREAD 1
| #define HAVE_LIBDL 1
| #define HAVE_DLOPEN 1
| #define HAVE_DLERROR 1
| #define STDC_HEADERS 1
| #define HAVE_SYS_TYPES_H 1
| #define HAVE_SYS_STAT_H 1
| #define HAVE_STDLIB_H 1
| #define HAVE_STRING_H 1
| #define HAVE_MEMORY_H 1
| #define HAVE_STRINGS_H 1
| #define HAVE_INTTYPES_H 1
| #define HAVE_STDINT_H 1
| #define HAVE_UNISTD_H 1
| #define HAVE_DLFCN_H 1
| #define LT_OBJDIR ".libs/"
| #define HAVE_FCNTL_H 1
| #define HAVE_SYS_IOCTL_H 1
| #define HAVE_SYS_TIME_H 1
| #define HAVE_UNISTD_H 1
| #define HAVE_NETINET_IN_H 1
| #define HAVE_STDINT_H 1
| #define HAVE_STRING_H 1
| #define HAVE_SYS_SOCKET_H 1
| #define HAVE_PWD_H 1
| #define STDC_HEADERS 1
| #define HAVE__BOOL 1
| #define HAVE_STDBOOL_H 1
| #define TIME_WITH_SYS_TIME 1
| /* end confdefs.h.  */
| #include <stdio.h>
| #ifdef HAVE_SYS_TYPES_H
| # include <sys/types.h>
| #endif
| #ifdef HAVE_SYS_STAT_H
| # include <sys/stat.h>
| #endif
| #ifdef STDC_HEADERS
| # include <stdlib.h>
| # include <stddef.h>
| #else
| # ifdef HAVE_STDLIB_H
| #  include <stdlib.h>
| # endif
| #endif
| #ifdef HAVE_STRING_H
| # if !defined STDC_HEADERS && defined HAVE_MEMORY_H
| #  include <memory.h>
| # endif
| # include <string.h>
| #endif
| #ifdef HAVE_STRINGS_H
| # include <strings.h>
| #endif
| #ifdef HAVE_INTTYPES_H
| # include <inttypes.h>
| #endif
| #ifdef HAVE_STDINT_H
| # include <stdint.h>
| #endif
| #ifdef HAVE_UNISTD_H
| # include <unistd.h>
| #endif
| int
| main ()
| {
| if (sizeof ((size_t)))
| 	    return 0;
|   ;
|   return 0;
| }
configure:15930: result: yes
configure:15946: checking for memset
configure:15946: /home/nesl/overo-oe/tmp/sysroots/i686-linux/usr/armv7a/bin/arm-angstrom-linux-gnueabi-gcc -o conftest -g -O2   conftest.c -lssl -lcrypto -lpcap -lexpat -lgpg-error -lgpgme-pthread -lsqlite3 -lpthread  -ldl  -lcurl >&5
conftest.c:63: warning: conflicting types for built-in function 'memset'
/home/nesl/overo-oe/tmp/sysroots/i686-linux/usr/armv7a/lib/gcc/arm-angstrom-linux-gnueabi/4.3.3/../../../../arm-angstrom-linux-gnueabi/bin/ld: warning: libc.so, needed by /home/nesl/overo-oe/tmp/sysroots/i686-linux/usr/armv7a/lib/gcc/arm-angstrom-linux-gnueabi/4.3.3/../../../../arm-angstrom-linux-gnueabi/lib/libgcc_s.so, not found (try using -rpath or -rpath-link)
configure:15946: $? = 0
configure:15946: result: yes
configure:15946: checking for setlocale
configure:15946: /home/nesl/overo-oe/tmp/sysroots/i686-linux/usr/armv7a/bin/arm-angstrom-linux-gnueabi-gcc -o conftest -g -O2   conftest.c -lssl -lcrypto -lpcap -lexpat -lgpg-error -lgpgme-pthread -lsqlite3 -lpthread  -ldl  -lcurl >&5
/home/nesl/overo-oe/tmp/sysroots/i686-linux/usr/armv7a/lib/gcc/arm-angstrom-linux-gnueabi/4.3.3/../../../../arm-angstrom-linux-gnueabi/bin/ld: warning: libc.so, needed by /home/nesl/overo-oe/tmp/sysroots/i686-linux/usr/armv7a/lib/gcc/arm-angstrom-linux-gnueabi/4.3.3/../../../../arm-angstrom-linux-gnueabi/lib/libgcc_s.so, not found (try using -rpath or -rpath-link)
configure:15946: $? = 0
configure:15946: result: yes
configure:15946: checking for socket
configure:15946: /home/nesl/overo-oe/tmp/sysroots/i686-linux/usr/armv7a/bin/arm-angstrom-linux-gnueabi-gcc -o conftest -g -O2   conftest.c -lssl -lcrypto -lpcap -lexpat -lgpg-error -lgpgme-pthread -lsqlite3 -lpthread  -ldl  -lcurl >&5
/home/nesl/overo-oe/tmp/sysroots/i686-linux/usr/armv7a/lib/gcc/arm-angstrom-linux-gnueabi/4.3.3/../../../../arm-angstrom-linux-gnueabi/bin/ld: warning: libc.so, needed by /home/nesl/overo-oe/tmp/sysroots/i686-linux/usr/armv7a/lib/gcc/arm-angstrom-linux-gnueabi/4.3.3/../../../../arm-angstrom-linux-gnueabi/lib/libgcc_s.so, not found (try using -rpath or -rpath-link)
configure:15946: $? = 0
configure:15946: result: yes
configure:15946: checking for strerror
configure:15946: /home/nesl/overo-oe/tmp/sysroots/i686-linux/usr/armv7a/bin/arm-angstrom-linux-gnueabi-gcc -o conftest -g -O2   conftest.c -lssl -lcrypto -lpcap -lexpat -lgpg-error -lgpgme-pthread -lsqlite3 -lpthread  -ldl  -lcurl >&5
/home/nesl/overo-oe/tmp/sysroots/i686-linux/usr/armv7a/lib/gcc/arm-angstrom-linux-gnueabi/4.3.3/../../../../arm-angstrom-linux-gnueabi/bin/ld: warning: libc.so, needed by /home/nesl/overo-oe/tmp/sysroots/i686-linux/usr/armv7a/lib/gcc/arm-angstrom-linux-gnueabi/4.3.3/../../../../arm-angstrom-linux-gnueabi/lib/libgcc_s.so, not found (try using -rpath or -rpath-link)
configure:15946: $? = 0
configure:15946: result: yes
configure:16067: creating ./config.status

## ---------------------- ##
## Running config.status. ##
## ---------------------- ##

This file was extended by vantages config.status 0.8.6, which was
generated by GNU Autoconf 2.67.  Invocation command line was

  CONFIG_FILES    = 
  CONFIG_HEADERS  = 
  CONFIG_LINKS    = 
  CONFIG_COMMANDS = 
  $ ./config.status 

on nesl-desktop

config.status:1126: creating Makefile
config.status:1126: creating dns/Makefile
config.status:1126: creating src/Makefile
config.status:1126: creating scripts/vant-upgrade.pl
config.status:1126: creating dns/config.h
config.status:1300: dns/config.h is unchanged
config.status:1126: creating src/config.h
config.status:1300: src/config.h is unchanged
config.status:1314: executing libtool commands

## ---------------- ##
## Cache variables. ##
## ---------------- ##

ac_cv_build=i686-pc-linux-gnu
ac_cv_c_compiler_gnu=yes
ac_cv_c_const=yes
ac_cv_c_inline=inline
ac_cv_cxx_compiler_gnu=yes
ac_cv_env_CCC_set=
ac_cv_env_CCC_value=
ac_cv_env_CC_set=set
ac_cv_env_CC_value=/home/nesl/overo-oe/tmp/sysroots/i686-linux/usr/armv7a/bin/arm-angstrom-linux-gnueabi-gcc
ac_cv_env_CFLAGS_set=
ac_cv_env_CFLAGS_value=
ac_cv_env_CPPFLAGS_set=
ac_cv_env_CPPFLAGS_value=
ac_cv_env_CPP_set=set
ac_cv_env_CPP_value=/home/nesl/overo-oe/tmp/sysroots/i686-linux/usr/armv7a/bin/arm-angstrom-linux-gnueabi-cpp
ac_cv_env_CXXCPP_set=
ac_cv_env_CXXCPP_value=
ac_cv_env_CXXFLAGS_set=
ac_cv_env_CXXFLAGS_value=
ac_cv_env_CXX_set=set
ac_cv_env_CXX_value=/home/nesl/overo-oe/tmp/sysroots/i686-linux/usr/armv7a/bin/arm-angstrom-linux-gnueabi-g++
ac_cv_env_LDFLAGS_set=
ac_cv_env_LDFLAGS_value=
ac_cv_env_LIBS_set=
ac_cv_env_LIBS_value=
ac_cv_env_build_alias_set=
ac_cv_env_build_alias_value=
ac_cv_env_host_alias_set=set
ac_cv_env_host_alias_value=arm
ac_cv_env_target_alias_set=
ac_cv_env_target_alias_value=
ac_cv_func_dlerror=yes
ac_cv_func_dlopen=yes
ac_cv_func_memset=yes
ac_cv_func_setlocale=yes
ac_cv_func_socket=yes
ac_cv_func_strerror=yes
ac_cv_header_arpa_inet_h=no
ac_cv_header_dlfcn_h=yes
ac_cv_header_fcntl_h=yes
ac_cv_header_inttypes_h=yes
ac_cv_header_memory_h=yes
ac_cv_header_netinet_in_h=yes
ac_cv_header_pwd_h=yes
ac_cv_header_readpassphrase_h=no
ac_cv_header_stdbool_h=yes
ac_cv_header_stdc=yes
ac_cv_header_stdint_h=yes
ac_cv_header_stdlib_h=yes
ac_cv_header_string_h=yes
ac_cv_header_strings_h=yes
ac_cv_header_sys_ioctl_h=yes
ac_cv_header_sys_socket_h=yes
ac_cv_header_sys_stat_h=yes
ac_cv_header_sys_time_h=yes
ac_cv_header_sys_types_h=yes
ac_cv_header_time=yes
ac_cv_header_unistd_h=yes
ac_cv_host=arm-unknown-none
ac_cv_lib_crypto_EVP_PKEY_new=yes
ac_cv_lib_curl_curl_global_init=yes
ac_cv_lib_dl_dlopen=yes
ac_cv_lib_expat_XML_ParserCreate=yes
ac_cv_lib_gpg_error_gpg_err_init=yes
ac_cv_lib_gpgme_pthread_gpgme_check_version=yes
ac_cv_lib_pcap_pcap_open_live=yes
ac_cv_lib_pthread_pthread_create=yes
ac_cv_lib_sqlite3_sqlite3_open=yes
ac_cv_lib_ssl_EVP_PKEY_new=yes
ac_cv_objext=o
ac_cv_path_AR=/home/nesl/overo-oe/tmp/sysroots/i686-linux/usr/armv7a/bin/arm-angstrom-linux-gnueabi-ar
ac_cv_path_EGREP='/bin/grep -E'
ac_cv_path_FGREP='/bin/grep -F'
ac_cv_path_GREP=/bin/grep
ac_cv_path_SED=/bin/sed
ac_cv_path_install='/usr/bin/install -c'
ac_cv_prog_AR=/home/nesl/overo-oe/tmp/sysroots/i686-linux/usr/armv7a/bin/arm-angstrom-linux-gnueabi-ar
ac_cv_prog_AWK=gawk
ac_cv_prog_CC=/home/nesl/overo-oe/tmp/sysroots/i686-linux/usr/armv7a/bin/arm-angstrom-linux-gnueabi-gcc
ac_cv_prog_CPP=/home/nesl/overo-oe/tmp/sysroots/i686-linux/usr/armv7a/bin/arm-angstrom-linux-gnueabi-cpp
ac_cv_prog_CXXCPP='/home/nesl/overo-oe/tmp/sysroots/i686-linux/usr/armv7a/bin/arm-angstrom-linux-gnueabi-g++ -E'
ac_cv_prog_RANLIB=ranlib
ac_cv_prog_ac_ct_DUMPBIN='link -dump'
ac_cv_prog_ac_ct_OBJDUMP=objdump
ac_cv_prog_ac_ct_RANLIB=ranlib
ac_cv_prog_ac_ct_STRIP=strip
ac_cv_prog_cc_c89=
ac_cv_prog_cc_g=yes
ac_cv_prog_cxx_g=yes
ac_cv_prog_libtool=./libtool
ac_cv_prog_make_make_set=yes
ac_cv_sys_file_offset_bits=64
ac_cv_sys_largefile_CC=no
ac_cv_sys_largefile_source=no
ac_cv_type__Bool=yes
ac_cv_type_size_t=yes
lt_cv_archive_cmds_need_lc=no
lt_cv_deplibs_check_method=unknown
lt_cv_file_magic_cmd='$MAGIC_CMD'
lt_cv_file_magic_test_file=
lt_cv_ld_reload_flag=-r
lt_cv_nm_interface='BSD nm'
lt_cv_objdir=.libs
lt_cv_path_LD=/home/nesl/overo-oe/tmp/sysroots/i686-linux/usr/armv7a/bin/arm-angstrom-linux-gnueabi-ld
lt_cv_path_LDCXX=/home/nesl/overo-oe/tmp/sysroots/i686-linux/usr/armv7a/bin/arm-angstrom-linux-gnueabi-ld
lt_cv_path_NM=no
lt_cv_prog_compiler_c_o=yes
lt_cv_prog_compiler_c_o_CXX=yes
lt_cv_prog_compiler_pic_works=yes
lt_cv_prog_compiler_pic_works_CXX=yes
lt_cv_prog_compiler_rtti_exceptions=no
lt_cv_prog_compiler_static_works=no
lt_cv_prog_compiler_static_works_CXX=no
lt_cv_prog_gnu_ld=yes
lt_cv_prog_gnu_ldcxx=yes
lt_cv_sys_global_symbol_pipe='sed -n -e '\''s/^.*[	 ]\([ABCDGIRSTW][ABCDGIRSTW]*\)[	 ][	 ]*\([_A-Za-z][_A-Za-z0-9]*\)$/\1 \2 \2/p'\'''
lt_cv_sys_global_symbol_to_c_name_address='sed -n -e '\''s/^: \([^ ]*\) $/  {\"\1\", (void *) 0},/p'\'' -e '\''s/^[ABCDGIRSTW]* \([^ ]*\) \([^ ]*\)$/  {"\2", (void *) \&\2},/p'\'''
lt_cv_sys_global_symbol_to_c_name_address_lib_prefix='sed -n -e '\''s/^: \([^ ]*\) $/  {\"\1\", (void *) 0},/p'\'' -e '\''s/^[ABCDGIRSTW]* \([^ ]*\) \(lib[^ ]*\)$/  {"\2", (void *) \&\2},/p'\'' -e '\''s/^[ABCDGIRSTW]* \([^ ]*\) \([^ ]*\)$/  {"lib\2", (void *) \&\2},/p'\'''
lt_cv_sys_global_symbol_to_cdecl='sed -n -e '\''s/^T .* \(.*\)$/extern int \1();/p'\'' -e '\''s/^[ABCDGIRSTW]* .* \(.*\)$/extern char \1;/p'\'''
lt_cv_sys_max_cmd_len=1572864

## ----------------- ##
## Output variables. ##
## ----------------- ##

AR='/home/nesl/overo-oe/tmp/sysroots/i686-linux/usr/armv7a/bin/arm-angstrom-linux-gnueabi-ar'
AWK='gawk'
CC='/home/nesl/overo-oe/tmp/sysroots/i686-linux/usr/armv7a/bin/arm-angstrom-linux-gnueabi-gcc'
CFLAGS='-g -O2'
CPP='/home/nesl/overo-oe/tmp/sysroots/i686-linux/usr/armv7a/bin/arm-angstrom-linux-gnueabi-cpp'
CPPFLAGS=''
CXX='/home/nesl/overo-oe/tmp/sysroots/i686-linux/usr/armv7a/bin/arm-angstrom-linux-gnueabi-g++'
CXXCPP='/home/nesl/overo-oe/tmp/sysroots/i686-linux/usr/armv7a/bin/arm-angstrom-linux-gnueabi-g++ -E'
CXXFLAGS='-g -O2'
DEFS='-DHAVE_CONFIG_H'
DSYMUTIL=''
DUMPBIN=':'
ECHO_C=''
ECHO_N='-n'
ECHO_T=''
EGREP='/bin/grep -E'
EXEEXT=''
FGREP='/bin/grep -F'
GREP='/bin/grep'
INSTALL_DATA='${INSTALL} -m 644'
INSTALL_PROGRAM='${INSTALL}'
INSTALL_SCRIPT='${INSTALL}'
LD='/home/nesl/overo-oe/tmp/sysroots/i686-linux/usr/armv7a/bin/arm-angstrom-linux-gnueabi-ld'
LDFLAGS=''
LIBDL='-ldl '
LIBOBJS=''
LIBS='-lssl -lcrypto -lpcap -lexpat -lgpg-error -lgpgme-pthread -lsqlite3 -lpthread  -ldl  -lcurl'
LIBTOOL='$(SHELL) $(top_builddir)/libtool'
LIBTOOL_VERSION_INFO='0:8:6'
LIPO=''
LN_S='ln -s'
LTLIBOBJS=''
NM='nm'
NMEDIT=''
OBJDUMP='objdump'
OBJEXT='o'
OTOOL64=''
OTOOL=''
PACKAGE_BUGREPORT='eoster@cs.ucla.edu'
PACKAGE_NAME='vantages'
PACKAGE_STRING='vantages 0.8.6'
PACKAGE_TARNAME='vantages'
PACKAGE_URL=''
PACKAGE_VERSION='0.8.6'
PATH_SEPARATOR=':'
RANLIB='ranlib'
SED='/bin/sed'
SET_MAKE=''
SHELL='/bin/sh'
STRIP='strip'
ac_ct_CC=''
ac_ct_CXX=''
ac_ct_DUMPBIN='link -dump'
bindir='${exec_prefix}/bin'
build='i686-pc-linux-gnu'
build_alias=''
build_cpu='i686'
build_os='linux-gnu'
build_vendor='pc'
datadir='${datarootdir}'
datarootdir='${prefix}/share'
docdir='${datarootdir}/doc/${PACKAGE_TARNAME}'
dvidir='${docdir}'
exec_prefix='${prefix}'
host='arm-unknown-none'
host_alias='arm'
host_cpu='arm'
host_os='none'
host_vendor='unknown'
htmldir='${docdir}'
includedir='${prefix}/include'
infodir='${datarootdir}/info'
libdir='${exec_prefix}/lib'
libexecdir='${exec_prefix}/libexec'
libtool='./libtool'
localedir='${datarootdir}/locale'
localstatedir='${prefix}/var'
mandir='${datarootdir}/man'
oldincludedir='/usr/include'
pdfdir='${docdir}'
prefix='/usr/local'
program_transform_name='s,x,x,'
psdir='${docdir}'
sbindir='${exec_prefix}/sbin'
sharedstatedir='${prefix}/com'
sysconfdir='${prefix}/etc'
target_alias=''

## ----------- ##
## confdefs.h. ##
## ----------- ##

/* confdefs.h */
#define PACKAGE_NAME "vantages"
#define PACKAGE_TARNAME "vantages"
#define PACKAGE_VERSION "0.8.6"
#define PACKAGE_STRING "vantages 0.8.6"
#define PACKAGE_BUGREPORT "eoster@cs.ucla.edu"
#define PACKAGE_URL ""
#define _FILE_OFFSET_BITS 64
#define HAVE_FSEEKO 1
#define HAVE_LIBPTHREAD 1
#define HAVE_LIBDL 1
#define HAVE_DLOPEN 1
#define HAVE_DLERROR 1
#define STDC_HEADERS 1
#define HAVE_SYS_TYPES_H 1
#define HAVE_SYS_STAT_H 1
#define HAVE_STDLIB_H 1
#define HAVE_STRING_H 1
#define HAVE_MEMORY_H 1
#define HAVE_STRINGS_H 1
#define HAVE_INTTYPES_H 1
#define HAVE_STDINT_H 1
#define HAVE_UNISTD_H 1
#define HAVE_DLFCN_H 1
#define LT_OBJDIR ".libs/"
#define HAVE_FCNTL_H 1
#define HAVE_SYS_IOCTL_H 1
#define HAVE_SYS_TIME_H 1
#define HAVE_UNISTD_H 1
#define HAVE_NETINET_IN_H 1
#define HAVE_STDINT_H 1
#define HAVE_STRING_H 1
#define HAVE_SYS_SOCKET_H 1
#define HAVE_PWD_H 1
#define STDC_HEADERS 1
#define HAVE__BOOL 1
#define HAVE_STDBOOL_H 1
#define TIME_WITH_SYS_TIME 1
#define HAVE_MEMSET 1
#define HAVE_SETLOCALE 1
#define HAVE_SOCKET 1
#define HAVE_STRERROR 1

configure: exit 0
