This file contains any messages produced by compilers while
running configure, to aid debugging if configure makes a mistake.

It was created by gnupg configure 1.4.10, which was
generated by GNU Autoconf 2.61.  Invocation command line was

  $ ./configure --host=armv7a

## --------- ##
## Platform. ##
## --------- ##

hostname = nesl-desktop
uname -m = i686
uname -r = 2.6.31-14-generic
uname -s = Linux
uname -v = #48-Ubuntu SMP Fri Oct 16 14:04:26 UTC 2009

/usr/bin/uname -p = unknown
/bin/uname -X     = unknown

/bin/arch              = unknown
/usr/bin/arch -k       = unknown
/usr/convex/getsysinfo = unknown
/usr/bin/hostinfo      = unknown
/bin/machine           = unknown
/usr/bin/oslevel       = unknown
/bin/universe          = unknown

PATH: /usr/lib/jvm/java-6-sun/bin
PATH: /home/nesl/overo-oe/bitbake/bin
PATH: /home/nesl/bin
PATH: /usr/local/sbin
PATH: /usr/local/bin
PATH: /usr/sbin
PATH: /usr/bin
PATH: /sbin
PATH: /bin
PATH: /usr/games


## ----------- ##
## Core tests. ##
## ----------- ##

configure:1990: checking build system type
configure:2008: result: i686-pc-linux-gnu
configure:2030: checking host system type
configure:2039: error: /bin/sh scripts/config.sub armv7a failed

## ---------------- ##
## Cache variables. ##
## ---------------- ##

ac_cv_build=i686-pc-linux-gnu
ac_cv_env_CCASFLAGS_set=
ac_cv_env_CCASFLAGS_value=
ac_cv_env_CCAS_set=
ac_cv_env_CCAS_value=
ac_cv_env_CC_FOR_BUILD_set=
ac_cv_env_CC_FOR_BUILD_value=
ac_cv_env_CC_set=
ac_cv_env_CC_value=
ac_cv_env_CFLAGS_set=
ac_cv_env_CFLAGS_value=
ac_cv_env_CPPFLAGS_set=
ac_cv_env_CPPFLAGS_value=
ac_cv_env_CPP_set=
ac_cv_env_CPP_value=
ac_cv_env_LDFLAGS_set=
ac_cv_env_LDFLAGS_value=
ac_cv_env_LIBS_set=
ac_cv_env_LIBS_value=
ac_cv_env_build_alias_set=
ac_cv_env_build_alias_value=
ac_cv_env_host_alias_set=set
ac_cv_env_host_alias_value=armv7a
ac_cv_env_target_alias_set=
ac_cv_env_target_alias_value=
ac_cv_host=

## ----------------- ##
## Output variables. ##
## ----------------- ##

ACLOCAL=''
ALLOCA=''
AMDEPBACKSLASH=''
AMDEP_FALSE=''
AMDEP_TRUE=''
AMTAR=''
AR=''
AUTOCONF=''
AUTOHEADER=''
AUTOMAKE=''
AWK=''
BUILD_INCLUDED_LIBINTL=''
CAPLIBS=''
CATOBJEXT=''
CC=''
CCAS=''
CCASDEPMODE=''
CCASFLAGS=''
CCDEPMODE=''
CC_FOR_BUILD=''
CFLAGS=''
CFLAG_VISIBILITY=''
CPP=''
CPPFLAGS=''
CROSS_COMPILING_FALSE=''
CROSS_COMPILING_TRUE=''
CYGPATH_W=''
DATADIRNAME=''
DEFS=''
DEPDIR=''
DLLIBS=''
DNSLIBS=''
DOCBOOK_TO_MAN=''
ECHO_C=''
ECHO_N='-n'
ECHO_T=''
EGREP=''
ENABLE_AGENT_SUPPORT_FALSE=''
ENABLE_AGENT_SUPPORT_TRUE=''
ENABLE_BZIP2_SUPPORT_FALSE=''
ENABLE_BZIP2_SUPPORT_TRUE=''
ENABLE_CARD_SUPPORT_FALSE=''
ENABLE_CARD_SUPPORT_TRUE=''
ENABLE_LOCAL_ZLIB_FALSE=''
ENABLE_LOCAL_ZLIB_TRUE=''
EXEEXT=''
FAKE_CURL_FALSE=''
FAKE_CURL_TRUE=''
FAQPROG=''
GENCAT=''
GETOPT=''
GLIBC21=''
GLIBC2=''
GMSGFMT=''
GMSGFMT_015=''
GPGKEYS_CURL=''
GPGKEYS_FINGER=''
GPGKEYS_HKP=''
GPGKEYS_LDAP=''
GPGKEYS_MAILTO=''
GREP=''
HAVE_ASPRINTF=''
HAVE_DOCBOOK_TO_MAN_FALSE=''
HAVE_DOCBOOK_TO_MAN_TRUE=''
HAVE_DOSISH_SYSTEM_FALSE=''
HAVE_DOSISH_SYSTEM_TRUE=''
HAVE_POSIX_PRINTF=''
HAVE_SHM_FALSE=''
HAVE_SHM_TRUE=''
HAVE_SNPRINTF=''
HAVE_USTAR_FALSE=''
HAVE_USTAR_TRUE=''
HAVE_VISIBILITY=''
HAVE_W32_SYSTEM_FALSE=''
HAVE_W32_SYSTEM_TRUE=''
HAVE_WPRINTF=''
IDEA_O=''
INSTALL_DATA=''
INSTALL_PROGRAM=''
INSTALL_SCRIPT=''
INSTALL_STRIP_PROGRAM=''
INSTOBJEXT=''
INTLBISON=''
INTLLIBS=''
INTLOBJS=''
INTL_LIBTOOL_SUFFIX_PREFIX=''
INTL_MACOSX_LIBS=''
LDAPLIBS=''
LDAP_CPPFLAGS=''
LDFLAGS=''
LIBCURL=''
LIBCURL_CPPFLAGS=''
LIBICONV=''
LIBINTL=''
LIBMULTITHREAD=''
LIBOBJS=''
LIBPTH=''
LIBREADLINE=''
LIBS=''
LIBTHREAD=''
LIBUSB=''
LIBUSB_CPPFLAGS=''
LTLIBICONV=''
LTLIBINTL=''
LTLIBMULTITHREAD=''
LTLIBOBJS=''
LTLIBPTH=''
LTLIBTHREAD=''
MAINT=''
MAINTAINER_MODE_FALSE=''
MAINTAINER_MODE_TRUE=''
MAKEINFO=''
MPI_EXTRA_ASM_OBJS=''
MPI_OPT_FLAGS=''
MPI_SFLAGS=''
MSGFMT=''
MSGFMT_015=''
MSGMERGE=''
NETLIBS=''
NM=''
NOEXECSTACK_FLAGS=''
OBJEXT=''
PACKAGE=''
PACKAGE_BUGREPORT='bug-gnupg@gnu.org'
PACKAGE_NAME='gnupg'
PACKAGE_STRING='gnupg 1.4.10'
PACKAGE_TARNAME='gnupg'
PACKAGE_VERSION='1.4.10'
PATH_SEPARATOR=':'
PERL=''
POSUB=''
PRI_MACROS_BROKEN=''
RANLIB=''
SENDMAIL=''
SET_MAKE=''
SHELL='/bin/sh'
STRIP=''
TAR=''
USE_DNS_SRV_FALSE=''
USE_DNS_SRV_TRUE=''
USE_INCLUDED_LIBINTL=''
USE_INTERNAL_REGEX_FALSE=''
USE_INTERNAL_REGEX_TRUE=''
USE_NLS=''
USE_RNDEGD_FALSE=''
USE_RNDEGD_TRUE=''
USE_RNDLINUX_FALSE=''
USE_RNDLINUX_TRUE=''
USE_RNDUNIX_FALSE=''
USE_RNDUNIX_TRUE=''
USE_RNDW32_FALSE=''
USE_RNDW32_TRUE=''
USE_SHA512_FALSE=''
USE_SHA512_TRUE=''
USE_SIMPLE_GETTEXT_FALSE=''
USE_SIMPLE_GETTEXT_TRUE=''
VERSION=''
W32LIBS=''
WOE32DLL=''
WORKING_FAQPROG_FALSE=''
WORKING_FAQPROG_TRUE=''
XGETTEXT=''
XGETTEXT_015=''
ZLIBS=''
_libcurl_config=''
_usb_config=''
ac_ct_CC=''
am__fastdepCCAS_FALSE=''
am__fastdepCCAS_TRUE=''
am__fastdepCC_FALSE=''
am__fastdepCC_TRUE=''
am__include=''
am__isrc=''
am__leading_dot=''
am__quote=''
am__tar=''
am__untar=''
bindir='${exec_prefix}/bin'
build='i686-pc-linux-gnu'
build_alias=''
build_cpu='i686'
build_os='linux-gnu'
build_vendor='pc'
datadir='${datarootdir}'
datarootdir='${prefix}/share'
docdir='${datarootdir}/doc/${PACKAGE_TARNAME}'
dvidir='${docdir}'
exec_prefix='NONE'
host='armv7a'
host_alias='armv7a'
host_cpu=''
host_os=''
host_vendor=''
htmldir='${docdir}'
includedir='${prefix}/include'
infodir='${datarootdir}/info'
install_sh=''
libdir='${exec_prefix}/lib'
libexecdir='${exec_prefix}/libexec'
localedir='${datarootdir}/locale'
localstatedir='${prefix}/var'
mandir='${datarootdir}/man'
mkdir_p=''
oldincludedir='/usr/include'
pdfdir='${docdir}'
prefix='NONE'
program_transform_name='s,x,x,'
psdir='${docdir}'
sbindir='${exec_prefix}/sbin'
sharedstatedir='${prefix}/com'
sysconfdir='${prefix}/etc'
target_alias=''

## ----------- ##
## confdefs.h. ##
## ----------- ##

#define PACKAGE_NAME "gnupg"
#define PACKAGE_TARNAME "gnupg"
#define PACKAGE_VERSION "1.4.10"
#define PACKAGE_STRING "gnupg 1.4.10"
#define PACKAGE_BUGREPORT "bug-gnupg@gnu.org"

configure: exit 1
